<?xml version="1.0" encoding="UTF-8"?>
<testng-results skipped="0" failed="0" ignored="0" total="1" passed="1">
  <reporter-output>
  </reporter-output>
  <suite name="ibanking" duration-ms="64459" started-at="2019-09-28T12:11:32Z" finished-at="2019-09-28T12:12:37Z">
    <groups>
    </groups>
    <test name="BankingApp Test" duration-ms="64459" started-at="2019-09-28T12:11:32Z" finished-at="2019-09-28T12:12:37Z">
      <class name="com.ibanking.testCases.TC_LoginTest_001">
        <test-method status="PASS" signature="setup(java.lang.String)[pri:0, instance:com.ibanking.testCases.TC_LoginTest_001@25b2fe]" name="setup" is-config="true" duration-ms="33631" started-at="2019-09-28T12:11:32Z" finished-at="2019-09-28T12:12:06Z">
          <params>
            <param index="0">
              <value>
                <![CDATA[firefox]]>
              </value>
            </param>
          </params>
          <reporter-output>
          </reporter-output>
        </test-method> <!-- setup -->
        <test-method status="PASS" signature="loginItest()[pri:0, instance:com.ibanking.testCases.TC_LoginTest_001@25b2fe]" name="loginItest" duration-ms="20674" started-at="2019-09-28T12:12:06Z" finished-at="2019-09-28T12:12:27Z">
          <reporter-output>
          </reporter-output>
        </test-method> <!-- loginItest -->
        <test-method status="PASS" signature="tearDown()[pri:0, instance:com.ibanking.testCases.TC_LoginTest_001@25b2fe]" name="tearDown" is-config="true" duration-ms="9994" started-at="2019-09-28T12:12:27Z" finished-at="2019-09-28T12:12:37Z">
          <reporter-output>
          </reporter-output>
        </test-method> <!-- tearDown -->
      </class> <!-- com.ibanking.testCases.TC_LoginTest_001 -->
    </test> <!-- BankingApp Test -->
  </suite> <!-- ibanking -->
</testng-results>
