<?xml version="1.0" encoding="UTF-8"?>
<!-- Generated by org.testng.reporters.JUnitXMLReporter -->
<testsuite hostname="xyz-PC" ignored="0" name="BankingApp Test_IE" tests="1" failures="0" timestamp="28 Sep 2019 12:07:01 GMT" time="0.084" errors="0">
  <testcase name="@BeforeClass setup" time="0.006" classname="com.ibanking.testCases.BaseClass">
    <failure type="java.lang.NullPointerException">
      <![CDATA[java.lang.NullPointerException
at java.util.Hashtable.put(Hashtable.java:460)
at java.util.Properties.setProperty(Properties.java:166)
at java.lang.System.setProperty(System.java:796)
at com.ibanking.testCases.BaseClass.setup(BaseClass.java:44)
... Removed 26 stack frames]]>
    </failure>
  </testcase> <!-- @BeforeClass setup -->
  <testcase name="@AfterClass tearDown" time="0.0" classname="com.ibanking.testCases.BaseClass">
    <skipped/>
  </testcase> <!-- @AfterClass tearDown -->
  <testcase name="loginItest" time="0.0" classname="com.ibanking.testCases.TC_LoginTest_001">
    <skipped/>
  </testcase> <!-- loginItest -->
</testsuite> <!-- BankingApp Test_IE -->
